Build started 22/6/2016 1:40:01 PM.
     1>Project "D:\c_project\myGameEngine\mapViewer\mapViewer\mapViewer.vcxproj" on node 2 (Build target(s)).
     1>ClCompile:
         E:\Program Files\Microsoft Visual Studio 14.0\VC\bin\CL.exe /c /ID:\c_project\myGameEngine\mapViewer\packages\nupengl.core.0.1.0.1\build\native\../..//build/native/include/ /ZI /nologo /W3 /WX- /Od /Oy- /D _MBCS /Gm /EHsc /RTC1 /MDd /GS /fp:precise /Zc:wchar_t /Zc:forScope /Zc:inline /Fo"Debug\\" /Fd"Debug\vc140.pdb" /Gd /TP /analyze- /errorReport:prompt tutorial08.cpp
         tutorial08.cpp
       Link:
         E:\Program Files\Microsoft Visual Studio 14.0\VC\bin\link.exe /ERRORREPORT:PROMPT /OUT:"D:\c_project\myGameEngine\mapViewer\Debug\mapViewer.exe" /INCREMENTAL /NOLOGO D:\c_project\myGameEngine\mapViewer\packages\nupengl.core.0.1.0.1\build\native\../..//build/native/lib/Win32\glew32.lib D:\c_project\myGameEngine\mapViewer\packages\nupengl.core.0.1.0.1\build\native\../..//build/native/lib/Win32\glfw3dll.lib D:\c_project\myGameEngine\mapViewer\packages\nupengl.core.0.1.0.1\build\native\../..//build/native/lib/Win32\freeglut.lib kernel32.lib user32.lib gdi32.lib winspool.lib comdlg32.lib advapi32.lib shell32.lib ole32.lib oleaut32.lib uuid.lib odbc32.lib odbccp32.lib /MANIFEST /MANIFESTUAC:"level='asInvoker' uiAccess='false'" /manifest:embed /Debug /PDB:"D:\c_project\myGameEngine\mapViewer\Debug\mapViewer.pdb" /TLBID:1 /DYNAMICBASE /NXCOMPAT /IMPLIB:"D:\c_project\myGameEngine\mapViewer\Debug\mapViewer.lib" /MACHINE:X86 Debug\CSceneNodeAnimatorFlyCircle.obj
         Debug\CSceneNodeAnimatorFlyStraight.obj
         Debug\CSceneNodeAnimatorRotation.obj
         Debug\DDS2Bmp.obj
         Debug\FFXILandscapeMesh.obj
         Debug\FFXIMesh.obj
         Debug\FFXI_Character.obj
         Debug\FPS_Counter.obj
         Debug\Frustum.obj
         Debug\IMesh.obj
         Debug\IMeshBuffer.obj
         Debug\LooseTree.obj
         Debug\MeshBufferGroup.obj
         Debug\Octree.obj
         Debug\OpenGLDriver.obj
         Debug\Plane.obj
         Debug\SceneManager.obj
         Debug\SceneNode.obj
         Debug\SceneNodeLandscape.obj
         Debug\shader.obj
         Debug\texture.obj
         Debug\Timer.obj
         Debug\tutorial08.obj
         mapViewer.vcxproj -> D:\c_project\myGameEngine\mapViewer\Debug\mapViewer.exe
     1>Done Building Project "D:\c_project\myGameEngine\mapViewer\mapViewer\mapViewer.vcxproj" (Build target(s)).

Build succeeded.

Time Elapsed 00:00:01.13
