Build started 7/6/2016 12:41:30 PM.
     1>Project "D:\c_project\irrlichit\DatLoader\DatLoader\DatLoader.vcxproj" on node 2 (Build target(s)).
     1>ClCompile:
         E:\Program Files\Microsoft Visual Studio 14.0\VC\bin\CL.exe /c /ZI /nologo /W3 /WX- /Od /Oy- /D WIN32 /D _DEBUG /D _CONSOLE /Gm /EHsc /RTC1 /MDd /GS /fp:precise /Zc:wchar_t /Zc:forScope /Zc:inline /Yu"stdafx.h" /Fp"Debug\DatLoader.pch" /Fo"Debug\\" /Fd"Debug\vc140.pdb" /Gd /TP /analyze- /errorReport:prompt DatLoader.cpp
         DatLoader.cpp
     1>d:\c_project\irrlichit\datloader\datloader\quaternion.h(44): warning C4244: '=': conversion from 'double' to 'float', possible loss of data
     1>d:\c_project\irrlichit\datloader\datloader\quaternion.h(53): warning C4244: '=': conversion from 'double' to 'float', possible loss of data
     1>d:\c_project\irrlichit\datloader\datloader\quaternion.h(54): warning C4244: '=': conversion from 'double' to 'float', possible loss of data
     1>d:\c_project\irrlichit\datloader\datloader\quaternion.h(55): warning C4244: '=': conversion from 'double' to 'float', possible loss of data
     1>d:\c_project\irrlichit\datloader\datloader\datloader.cpp(239): warning C4018: '<': signed/unsigned mismatch
     1>d:\c_project\irrlichit\datloader\datloader\datloader.cpp(361): warning C4018: '>': signed/unsigned mismatch
     1>d:\c_project\irrlichit\datloader\datloader\datloader.cpp(394): warning C4018: '<=': signed/unsigned mismatch
     1>d:\c_project\irrlichit\datloader\datloader\datloader.cpp(431): warning C4018: '<': signed/unsigned mismatch
     1>d:\c_project\irrlichit\datloader\datloader\datloader.cpp(493): warning C4018: '<': signed/unsigned mismatch
     1>d:\c_project\irrlichit\datloader\datloader\datloader.cpp(505): warning C4018: '<': signed/unsigned mismatch
     1>d:\c_project\irrlichit\datloader\datloader\datloader.cpp(512): warning C4018: '<': signed/unsigned mismatch
     1>d:\c_project\irrlichit\datloader\datloader\datloader.cpp(520): warning C4018: '<': signed/unsigned mismatch
     1>d:\c_project\irrlichit\datloader\datloader\datloader.cpp(545): warning C4018: '<': signed/unsigned mismatch
     1>d:\c_project\irrlichit\datloader\datloader\datloader.cpp(561): warning C4018: '<': signed/unsigned mismatch
     1>d:\c_project\irrlichit\datloader\datloader\datloader.cpp(591): warning C4018: '<': signed/unsigned mismatch
     1>d:\c_project\irrlichit\datloader\datloader\datloader.cpp(592): warning C4018: '>': signed/unsigned mismatch
     1>d:\c_project\irrlichit\datloader\datloader\datloader.cpp(625): warning C4018: '<': signed/unsigned mismatch
     1>d:\c_project\irrlichit\datloader\datloader\datloader.cpp(491): warning C4101: 's2': unreferenced local variable
     1>d:\c_project\irrlichit\datloader\datloader\datloader.cpp(491): warning C4101: 's1': unreferenced local variable
     1>d:\c_project\irrlichit\datloader\datloader\datloader.cpp(491): warning C4101: 's3': unreferenced local variable
     1>d:\c_project\irrlichit\datloader\datloader\datloader.cpp(252): warning C4101: 'size': unreferenced local variable
     1>d:\c_project\irrlichit\datloader\datloader\datloader.cpp(491): warning C4101: 's4': unreferenced local variable
     1>d:\c_project\irrlichit\datloader\datloader\datloader.cpp(683): warning C4018: '<': signed/unsigned mismatch
     1>d:\c_project\irrlichit\datloader\datloader\datloader.cpp(701): warning C4018: '<': signed/unsigned mismatch
     1>d:\c_project\irrlichit\datloader\datloader\datloader.cpp(1077): warning C4018: '<': signed/unsigned mismatch
     1>d:\c_project\irrlichit\datloader\datloader\datloader.cpp(1138): warning C4018: '<': signed/unsigned mismatch
     1>d:\c_project\irrlichit\datloader\datloader\datloader.cpp(1240): warning C4018: '<': signed/unsigned mismatch
     1>d:\c_project\irrlichit\datloader\datloader\datloader.cpp(1401): warning C4101: 'rem': unreferenced local variable
     1>d:\c_project\irrlichit\datloader\datloader\datloader.cpp(1500): warning C4800: 'int': forcing value to bool 'true' or 'false' (performance warning)
       Link:
         E:\Program Files\Microsoft Visual Studio 14.0\VC\bin\link.exe /ERRORREPORT:PROMPT /OUT:"D:\c_project\irrlichit\DatLoader\Debug\DatLoader.exe" /INCREMENTAL /NOLOGO kernel32.lib user32.lib gdi32.lib winspool.lib comdlg32.lib advapi32.lib shell32.lib ole32.lib oleaut32.lib uuid.lib odbc32.lib odbccp32.lib /MANIFEST /MANIFESTUAC:"level='asInvoker' uiAccess='false'" /manifest:embed /Debug /PDB:"D:\c_project\irrlichit\DatLoader\Debug\DatLoader.pdb" /SUBSYSTEM:CONSOLE /TLBID:1 /DYNAMICBASE /NXCOMPAT /IMPLIB:"D:\c_project\irrlichit\DatLoader\Debug\DatLoader.lib" /MACHINE:X86 Debug\DatLoader.obj
         Debug\MainDatLoader.obj
         Debug\stdafx.obj
         Debug\TDWAnalysis.obj
         Debug\Tmatrix4.obj
         DatLoader.vcxproj -> D:\c_project\irrlichit\DatLoader\Debug\DatLoader.exe
     1>Done Building Project "D:\c_project\irrlichit\DatLoader\DatLoader\DatLoader.vcxproj" (Build target(s)).

Build succeeded.

Time Elapsed 00:00:00.94
