d:\c_project\mygameengine\engine_progressiveload\engine_progressiveload\debug\vc140.pdb
d:\c_project\mygameengine\engine_progressiveload\engine_progressiveload\debug\vc140.idb
d:\c_project\mygameengine\engine_progressiveload\engine_progressiveload\debug\controls.obj
d:\c_project\mygameengine\engine_progressiveload\engine_progressiveload\debug\cscenenodeanimatorflycircle.obj
d:\c_project\mygameengine\engine_progressiveload\engine_progressiveload\debug\cscenenodeanimatorflystraight.obj
d:\c_project\mygameengine\engine_progressiveload\engine_progressiveload\debug\cscenenodeanimatorrotation.obj
d:\c_project\mygameengine\engine_progressiveload\engine_progressiveload\debug\dds2bmp.obj
d:\c_project\mygameengine\engine_progressiveload\engine_progressiveload\debug\ffximesh.obj
d:\c_project\mygameengine\engine_progressiveload\engine_progressiveload\debug\ffxi_character.obj
d:\c_project\mygameengine\engine_progressiveload\engine_progressiveload\debug\fps_counter.obj
d:\c_project\mygameengine\engine_progressiveload\engine_progressiveload\debug\imesh.obj
d:\c_project\mygameengine\engine_progressiveload\engine_progressiveload\debug\imeshbuffer.obj
d:\c_project\mygameengine\engine_progressiveload\engine_progressiveload\debug\opengldriver.obj
d:\c_project\mygameengine\engine_progressiveload\engine_progressiveload\debug\scenemanager.obj
d:\c_project\mygameengine\engine_progressiveload\engine_progressiveload\debug\scenenode.obj
d:\c_project\mygameengine\engine_progressiveload\engine_progressiveload\debug\shader.obj
d:\c_project\mygameengine\engine_progressiveload\engine_progressiveload\debug\timer.obj
d:\c_project\mygameengine\engine_progressiveload\engine_progressiveload\debug\tutorial08.obj
d:\c_project\mygameengine\engine_progressiveload\debug\engine_progressiveload.ilk
d:\c_project\mygameengine\engine_progressiveload\debug\engine_progressiveload.exe
d:\c_project\mygameengine\engine_progressiveload\debug\engine_progressiveload.pdb
d:\c_project\mygameengine\engine_progressiveload\engine_progressiveload\debug\engine_p.d2a70aef.tlog\cl.command.1.tlog
d:\c_project\mygameengine\engine_progressiveload\engine_progressiveload\debug\engine_p.d2a70aef.tlog\cl.read.1.tlog
d:\c_project\mygameengine\engine_progressiveload\engine_progressiveload\debug\engine_p.d2a70aef.tlog\cl.write.1.tlog
d:\c_project\mygameengine\engine_progressiveload\engine_progressiveload\debug\engine_p.d2a70aef.tlog\link.command.1.tlog
d:\c_project\mygameengine\engine_progressiveload\engine_progressiveload\debug\engine_p.d2a70aef.tlog\link.read.1.tlog
d:\c_project\mygameengine\engine_progressiveload\engine_progressiveload\debug\engine_p.d2a70aef.tlog\link.write.1.tlog
