Build started 7/6/2016 12:52:56 PM.
     1>Project "D:\c_project\myGameEngine\Engine_Progressiveload\Engine_Progressiveload\Engine_Progressiveload.vcxproj" on node 2 (Build target(s)).
     1>ClCompile:
         E:\Program Files\Microsoft Visual Studio 14.0\VC\bin\CL.exe /c /ZI /nologo /W3 /WX- /Od /Oy- /D _MBCS /Gm /EHsc /RTC1 /MDd /Zp1 /GS /fp:precise /Zc:wchar_t /Zc:forScope /Zc:inline /Fo"Debug\\" /Fd"Debug\vc140.pdb" /Gd /TP /analyze- /errorReport:prompt tutorial08.cpp
         tutorial08.cpp
       Link:
         E:\Program Files\Microsoft Visual Studio 14.0\VC\bin\link.exe /ERRORREPORT:PROMPT /OUT:"D:\c_project\myGameEngine\Engine_Progressiveload\Debug\Engine_Progressiveload.exe" /INCREMENTAL /NOLOGO kernel32.lib user32.lib gdi32.lib winspool.lib comdlg32.lib advapi32.lib shell32.lib ole32.lib oleaut32.lib uuid.lib odbc32.lib odbccp32.lib /MANIFEST /MANIFESTUAC:"level='asInvoker' uiAccess='false'" /manifest:embed /Debug /PDB:"D:\c_project\myGameEngine\Engine_Progressiveload\Debug\Engine_Progressiveload.pdb" /TLBID:1 /DYNAMICBASE /NXCOMPAT /IMPLIB:"D:\c_project\myGameEngine\Engine_Progressiveload\Debug\Engine_Progressiveload.lib" /MACHINE:X86 Debug\controls.obj
         Debug\CSceneNodeAnimatorFlyCircle.obj
         Debug\CSceneNodeAnimatorFlyStraight.obj
         Debug\CSceneNodeAnimatorRotation.obj
         Debug\DDS2Bmp.obj
         Debug\FFXIMesh.obj
         Debug\FFXI_Character.obj
         Debug\FPS_Counter.obj
         Debug\IMesh.obj
         Debug\IMeshBuffer.obj
         Debug\OpenGLDriver.obj
         Debug\SceneManager.obj
         Debug\SceneNode.obj
         Debug\shader.obj
         Debug\Timer.obj
         Debug\tutorial08.obj
         Engine_Progressiveload.vcxproj -> D:\c_project\myGameEngine\Engine_Progressiveload\Debug\Engine_Progressiveload.exe
     1>Done Building Project "D:\c_project\myGameEngine\Engine_Progressiveload\Engine_Progressiveload\Engine_Progressiveload.vcxproj" (Build target(s)).

Build succeeded.

Time Elapsed 00:00:00.93
